The system is: Darwin - 13.1.0 - i386
Compiling the CXX compiler identification source file "CMakeCXXCompilerId.cpp" succeeded.
Compiler: /usr/bin/c++ 
Build flags: 
Id flags: 

The output was:
0


Compilation of the CXX compiler identification source "CMakeCXXCompilerId.cpp" produced "a.out"

The CXX compiler identification is Clang, found in "/Users/siddharthachandra/gits/refocusAppIOS/opencv-2.4.9/cbin/CMakeFiles/2.8.12.2/CompilerIdCXX/a.out"

Compiling the C compiler identification source file "CMakeCCompilerId.c" succeeded.
Compiler: /usr/bin/cc 
Build flags: 
Id flags: 

The output was:
0


Compilation of the C compiler identification source "CMakeCCompilerId.c" produced "a.out"

The C compiler identification is Clang, found in "/Users/siddharthachandra/gits/refocusAppIOS/opencv-2.4.9/cbin/CMakeFiles/2.8.12.2/CompilerIdC/a.out"

Determining if the CXX compiler works passed with the following output:
Change Dir: /Users/siddharthachandra/gits/refocusAppIOS/opencv-2.4.9/cbin/CMakeFiles/CMakeTmp

Run Build Command:/usr/bin/make "cmTryCompileExec4045810238/fast"
/Applications/Xcode.app/Contents/Developer/usr/bin/make -f CMakeFiles/cmTryCompileExec4045810238.dir/build.make CMakeFiles/cmTryCompileExec4045810238.dir/build
"/Applications/CMake 2.8-12.app/Contents/bin/cmake" -E cmake_progress_report /Users/siddharthachandra/gits/refocusAppIOS/opencv-2.4.9/cbin/CMakeFiles/CMakeTmp/CMakeFiles 1
Building CXX object CMakeFiles/cmTryCompileExec4045810238.dir/testCXXCompiler.cxx.o
/usr/bin/c++     -o CMakeFiles/cmTryCompileExec4045810238.dir/testCXXCompiler.cxx.o -c /Users/siddharthachandra/gits/refocusAppIOS/opencv-2.4.9/cbin/CMakeFiles/CMakeTmp/testCXXCompiler.cxx
Linking CXX executable cmTryCompileExec4045810238
"/Applications/CMake 2.8-12.app/Contents/bin/cmake" -E cmake_link_script CMakeFiles/cmTryCompileExec4045810238.dir/link.txt --verbose=1
/usr/bin/c++     -Wl,-search_paths_first -Wl,-headerpad_max_install_names   CMakeFiles/cmTryCompileExec4045810238.dir/testCXXCompiler.cxx.o  -o cmTryCompileExec4045810238  


Detecting CXX compiler ABI info compiled with the following output:
Change Dir: /Users/siddharthachandra/gits/refocusAppIOS/opencv-2.4.9/cbin/CMakeFiles/CMakeTmp

Run Build Command:/usr/bin/make "cmTryCompileExec4087401013/fast"
/Applications/Xcode.app/Contents/Developer/usr/bin/make -f CMakeFiles/cmTryCompileExec4087401013.dir/build.make CMakeFiles/cmTryCompileExec4087401013.dir/build
"/Applications/CMake 2.8-12.app/Contents/bin/cmake" -E cmake_progress_report /Users/siddharthachandra/gits/refocusAppIOS/opencv-2.4.9/cbin/CMakeFiles/CMakeTmp/CMakeFiles 1
Building CXX object CMakeFiles/cmTryCompileExec4087401013.dir/CMakeCXXCompilerABI.cpp.o
/usr/bin/c++     -o CMakeFiles/cmTryCompileExec4087401013.dir/CMakeCXXCompilerABI.cpp.o -c "/Applications/CMake 2.8-12.app/Contents/share/cmake-2.8/Modules/CMakeCXXCompilerABI.cpp"
Linking CXX executable cmTryCompileExec4087401013
"/Applications/CMake 2.8-12.app/Contents/bin/cmake" -E cmake_link_script CMakeFiles/cmTryCompileExec4087401013.dir/link.txt --verbose=1
/usr/bin/c++     -Wl,-search_paths_first -Wl,-headerpad_max_install_names -v -Wl,-v CMakeFiles/cmTryCompileExec4087401013.dir/CMakeCXXCompilerABI.cpp.o  -o cmTryCompileExec4087401013   
Apple LLVM version 5.1 (clang-503.0.40) (based on LLVM 3.4svn)
Target: x86_64-apple-darwin13.1.0
Thread model: posix
 "/Applications/Xcode.app/Contents/Developer/Toolchains/XcodeDefault.xctoolchain/usr/bin/ld" -demangle -dynamic -arch x86_64 -macosx_version_min 10.9.0 -o cmTryCompileExec4087401013 -search_paths_first -headerpad_max_install_names -v CMakeFiles/cmTryCompileExec4087401013.dir/CMakeCXXCompilerABI.cpp.o -lc++ -lSystem /Applications/Xcode.app/Contents/Developer/Toolchains/XcodeDefault.xctoolchain/usr/bin/../lib/clang/5.1/lib/darwin/libclang_rt.osx.a
@(#)PROGRAM:ld  PROJECT:ld64-236.4
configured to support archs: armv6 armv7 armv7s arm64 i386 x86_64 armv6m armv7m armv7em
Library search paths:
	/usr/lib
	/usr/local/lib
Framework search paths:
	/Library/Frameworks/
	/System/Library/Frameworks/


Parsed CXX implicit link information from above output:
  link line regex: [^( *|.*[/\])(ld|([^/\]+-)?ld|collect2)[^/\]*( |$)]
  ignore line: [Change Dir: /Users/siddharthachandra/gits/refocusAppIOS/opencv-2.4.9/cbin/CMakeFiles/CMakeTmp]
  ignore line: []
  ignore line: [Run Build Command:/usr/bin/make "cmTryCompileExec4087401013/fast"]
  ignore line: [/Applications/Xcode.app/Contents/Developer/usr/bin/make -f CMakeFiles/cmTryCompileExec4087401013.dir/build.make CMakeFiles/cmTryCompileExec4087401013.dir/build]
  ignore line: ["/Applications/CMake 2.8-12.app/Contents/bin/cmake" -E cmake_progress_report /Users/siddharthachandra/gits/refocusAppIOS/opencv-2.4.9/cbin/CMakeFiles/CMakeTmp/CMakeFiles 1]
  ignore line: [Building CXX object CMakeFiles/cmTryCompileExec4087401013.dir/CMakeCXXCompilerABI.cpp.o]
  ignore line: [/usr/bin/c++     -o CMakeFiles/cmTryCompileExec4087401013.dir/CMakeCXXCompilerABI.cpp.o -c "/Applications/CMake 2.8-12.app/Contents/share/cmake-2.8/Modules/CMakeCXXCompilerABI.cpp"]
  ignore line: [Linking CXX executable cmTryCompileExec4087401013]
  ignore line: ["/Applications/CMake 2.8-12.app/Contents/bin/cmake" -E cmake_link_script CMakeFiles/cmTryCompileExec4087401013.dir/link.txt --verbose=1]
  ignore line: [/usr/bin/c++     -Wl,-search_paths_first -Wl,-headerpad_max_install_names -v -Wl,-v CMakeFiles/cmTryCompileExec4087401013.dir/CMakeCXXCompilerABI.cpp.o  -o cmTryCompileExec4087401013   ]
  ignore line: [Apple LLVM version 5.1 (clang-503.0.40) (based on LLVM 3.4svn)]
  ignore line: [Target: x86_64-apple-darwin13.1.0]
  ignore line: [Thread model: posix]
  link line: [ "/Applications/Xcode.app/Contents/Developer/Toolchains/XcodeDefault.xctoolchain/usr/bin/ld" -demangle -dynamic -arch x86_64 -macosx_version_min 10.9.0 -o cmTryCompileExec4087401013 -search_paths_first -headerpad_max_install_names -v CMakeFiles/cmTryCompileExec4087401013.dir/CMakeCXXCompilerABI.cpp.o -lc++ -lSystem /Applications/Xcode.app/Contents/Developer/Toolchains/XcodeDefault.xctoolchain/usr/bin/../lib/clang/5.1/lib/darwin/libclang_rt.osx.a]
    arg [/Applications/Xcode.app/Contents/Developer/Toolchains/XcodeDefault.xctoolchain/usr/bin/ld] ==> ignore
    arg [-demangle] ==> ignore
    arg [-dynamic] ==> ignore
    arg [-arch] ==> ignore
    arg [x86_64] ==> ignore
    arg [-macosx_version_min] ==> ignore
    arg [10.9.0] ==> ignore
    arg [-o] ==> ignore
    arg [cmTryCompileExec4087401013] ==> ignore
    arg [-search_paths_first] ==> ignore
    arg [-headerpad_max_install_names] ==> ignore
    arg [-v] ==> ignore
    arg [CMakeFiles/cmTryCompileExec4087401013.dir/CMakeCXXCompilerABI.cpp.o] ==> ignore
    arg [-lc++] ==> lib [c++]
    arg [-lSystem] ==> lib [System]
    arg [/Applications/Xcode.app/Contents/Developer/Toolchains/XcodeDefault.xctoolchain/usr/bin/../lib/clang/5.1/lib/darwin/libclang_rt.osx.a] ==> lib [/Applications/Xcode.app/Contents/Developer/Toolchains/XcodeDefault.xctoolchain/usr/bin/../lib/clang/5.1/lib/darwin/libclang_rt.osx.a]
  Library search paths: [;/usr/lib;/usr/local/lib]
  Framework search paths: [;/Library/Frameworks/;/System/Library/Frameworks/]
  remove lib [System]
  collapse lib [/Applications/Xcode.app/Contents/Developer/Toolchains/XcodeDefault.xctoolchain/usr/bin/../lib/clang/5.1/lib/darwin/libclang_rt.osx.a] ==> [/Applications/Xcode.app/Contents/Developer/Toolchains/XcodeDefault.xctoolchain/usr/lib/clang/5.1/lib/darwin/libclang_rt.osx.a]
  collapse library dir [/usr/lib] ==> [/usr/lib]
  collapse library dir [/usr/local/lib] ==> [/usr/local/lib]
  collapse framework dir [/Library/Frameworks/] ==> [/Library/Frameworks]
  collapse framework dir [/System/Library/Frameworks/] ==> [/System/Library/Frameworks]
  implicit libs: [c++;/Applications/Xcode.app/Contents/Developer/Toolchains/XcodeDefault.xctoolchain/usr/lib/clang/5.1/lib/darwin/libclang_rt.osx.a]
  implicit dirs: [/usr/lib;/usr/local/lib]
  implicit fwks: [/Library/Frameworks;/System/Library/Frameworks]


Determining if the C compiler works passed with the following output:
Change Dir: /Users/siddharthachandra/gits/refocusAppIOS/opencv-2.4.9/cbin/CMakeFiles/CMakeTmp

Run Build Command:/usr/bin/make "cmTryCompileExec1008783782/fast"
/Applications/Xcode.app/Contents/Developer/usr/bin/make -f CMakeFiles/cmTryCompileExec1008783782.dir/build.make CMakeFiles/cmTryCompileExec1008783782.dir/build
"/Applications/CMake 2.8-12.app/Contents/bin/cmake" -E cmake_progress_report /Users/siddharthachandra/gits/refocusAppIOS/opencv-2.4.9/cbin/CMakeFiles/CMakeTmp/CMakeFiles 1
Building C object CMakeFiles/cmTryCompileExec1008783782.dir/testCCompiler.c.o
/usr/bin/cc    -o CMakeFiles/cmTryCompileExec1008783782.dir/testCCompiler.c.o   -c /Users/siddharthachandra/gits/refocusAppIOS/opencv-2.4.9/cbin/CMakeFiles/CMakeTmp/testCCompiler.c
Linking C executable cmTryCompileExec1008783782
"/Applications/CMake 2.8-12.app/Contents/bin/cmake" -E cmake_link_script CMakeFiles/cmTryCompileExec1008783782.dir/link.txt --verbose=1
/usr/bin/cc    -Wl,-search_paths_first -Wl,-headerpad_max_install_names   CMakeFiles/cmTryCompileExec1008783782.dir/testCCompiler.c.o  -o cmTryCompileExec1008783782  


Detecting C compiler ABI info compiled with the following output:
Change Dir: /Users/siddharthachandra/gits/refocusAppIOS/opencv-2.4.9/cbin/CMakeFiles/CMakeTmp

Run Build Command:/usr/bin/make "cmTryCompileExec1734788710/fast"
/Applications/Xcode.app/Contents/Developer/usr/bin/make -f CMakeFiles/cmTryCompileExec1734788710.dir/build.make CMakeFiles/cmTryCompileExec1734788710.dir/build
"/Applications/CMake 2.8-12.app/Contents/bin/cmake" -E cmake_progress_report /Users/siddharthachandra/gits/refocusAppIOS/opencv-2.4.9/cbin/CMakeFiles/CMakeTmp/CMakeFiles 1
Building C object CMakeFiles/cmTryCompileExec1734788710.dir/CMakeCCompilerABI.c.o
/usr/bin/cc    -o CMakeFiles/cmTryCompileExec1734788710.dir/CMakeCCompilerABI.c.o   -c "/Applications/CMake 2.8-12.app/Contents/share/cmake-2.8/Modules/CMakeCCompilerABI.c"
Linking C executable cmTryCompileExec1734788710
"/Applications/CMake 2.8-12.app/Contents/bin/cmake" -E cmake_link_script CMakeFiles/cmTryCompileExec1734788710.dir/link.txt --verbose=1
/usr/bin/cc    -Wl,-search_paths_first -Wl,-headerpad_max_install_names -v -Wl,-v CMakeFiles/cmTryCompileExec1734788710.dir/CMakeCCompilerABI.c.o  -o cmTryCompileExec1734788710   
Apple LLVM version 5.1 (clang-503.0.40) (based on LLVM 3.4svn)
Target: x86_64-apple-darwin13.1.0
Thread model: posix
 "/Applications/Xcode.app/Contents/Developer/Toolchains/XcodeDefault.xctoolchain/usr/bin/ld" -demangle -dynamic -arch x86_64 -macosx_version_min 10.9.0 -o cmTryCompileExec1734788710 -search_paths_first -headerpad_max_install_names -v CMakeFiles/cmTryCompileExec1734788710.dir/CMakeCCompilerABI.c.o -lSystem /Applications/Xcode.app/Contents/Developer/Toolchains/XcodeDefault.xctoolchain/usr/bin/../lib/clang/5.1/lib/darwin/libclang_rt.osx.a
@(#)PROGRAM:ld  PROJECT:ld64-236.4
configured to support archs: armv6 armv7 armv7s arm64 i386 x86_64 armv6m armv7m armv7em
Library search paths:
	/usr/lib
	/usr/local/lib
Framework search paths:
	/Library/Frameworks/
	/System/Library/Frameworks/


Parsed C implicit link information from above output:
  link line regex: [^( *|.*[/\])(ld|([^/\]+-)?ld|collect2)[^/\]*( |$)]
  ignore line: [Change Dir: /Users/siddharthachandra/gits/refocusAppIOS/opencv-2.4.9/cbin/CMakeFiles/CMakeTmp]
  ignore line: []
  ignore line: [Run Build Command:/usr/bin/make "cmTryCompileExec1734788710/fast"]
  ignore line: [/Applications/Xcode.app/Contents/Developer/usr/bin/make -f CMakeFiles/cmTryCompileExec1734788710.dir/build.make CMakeFiles/cmTryCompileExec1734788710.dir/build]
  ignore line: ["/Applications/CMake 2.8-12.app/Contents/bin/cmake" -E cmake_progress_report /Users/siddharthachandra/gits/refocusAppIOS/opencv-2.4.9/cbin/CMakeFiles/CMakeTmp/CMakeFiles 1]
  ignore line: [Building C object CMakeFiles/cmTryCompileExec1734788710.dir/CMakeCCompilerABI.c.o]
  ignore line: [/usr/bin/cc    -o CMakeFiles/cmTryCompileExec1734788710.dir/CMakeCCompilerABI.c.o   -c "/Applications/CMake 2.8-12.app/Contents/share/cmake-2.8/Modules/CMakeCCompilerABI.c"]
  ignore line: [Linking C executable cmTryCompileExec1734788710]
  ignore line: ["/Applications/CMake 2.8-12.app/Contents/bin/cmake" -E cmake_link_script CMakeFiles/cmTryCompileExec1734788710.dir/link.txt --verbose=1]
  ignore line: [/usr/bin/cc    -Wl,-search_paths_first -Wl,-headerpad_max_install_names -v -Wl,-v CMakeFiles/cmTryCompileExec1734788710.dir/CMakeCCompilerABI.c.o  -o cmTryCompileExec1734788710   ]
  ignore line: [Apple LLVM version 5.1 (clang-503.0.40) (based on LLVM 3.4svn)]
  ignore line: [Target: x86_64-apple-darwin13.1.0]
  ignore line: [Thread model: posix]
  link line: [ "/Applications/Xcode.app/Contents/Developer/Toolchains/XcodeDefault.xctoolchain/usr/bin/ld" -demangle -dynamic -arch x86_64 -macosx_version_min 10.9.0 -o cmTryCompileExec1734788710 -search_paths_first -headerpad_max_install_names -v CMakeFiles/cmTryCompileExec1734788710.dir/CMakeCCompilerABI.c.o -lSystem /Applications/Xcode.app/Contents/Developer/Toolchains/XcodeDefault.xctoolchain/usr/bin/../lib/clang/5.1/lib/darwin/libclang_rt.osx.a]
    arg [/Applications/Xcode.app/Contents/Developer/Toolchains/XcodeDefault.xctoolchain/usr/bin/ld] ==> ignore
    arg [-demangle] ==> ignore
    arg [-dynamic] ==> ignore
    arg [-arch] ==> ignore
    arg [x86_64] ==> ignore
    arg [-macosx_version_min] ==> ignore
    arg [10.9.0] ==> ignore
    arg [-o] ==> ignore
    arg [cmTryCompileExec1734788710] ==> ignore
    arg [-search_paths_first] ==> ignore
    arg [-headerpad_max_install_names] ==> ignore
    arg [-v] ==> ignore
    arg [CMakeFiles/cmTryCompileExec1734788710.dir/CMakeCCompilerABI.c.o] ==> ignore
    arg [-lSystem] ==> lib [System]
    arg [/Applications/Xcode.app/Contents/Developer/Toolchains/XcodeDefault.xctoolchain/usr/bin/../lib/clang/5.1/lib/darwin/libclang_rt.osx.a] ==> lib [/Applications/Xcode.app/Contents/Developer/Toolchains/XcodeDefault.xctoolchain/usr/bin/../lib/clang/5.1/lib/darwin/libclang_rt.osx.a]
  Library search paths: [;/usr/lib;/usr/local/lib]
  Framework search paths: [;/Library/Frameworks/;/System/Library/Frameworks/]
  remove lib [System]
  collapse lib [/Applications/Xcode.app/Contents/Developer/Toolchains/XcodeDefault.xctoolchain/usr/bin/../lib/clang/5.1/lib/darwin/libclang_rt.osx.a] ==> [/Applications/Xcode.app/Contents/Developer/Toolchains/XcodeDefault.xctoolchain/usr/lib/clang/5.1/lib/darwin/libclang_rt.osx.a]
  collapse library dir [/usr/lib] ==> [/usr/lib]
  collapse library dir [/usr/local/lib] ==> [/usr/local/lib]
  collapse framework dir [/Library/Frameworks/] ==> [/Library/Frameworks]
  collapse framework dir [/System/Library/Frameworks/] ==> [/System/Library/Frameworks]
  implicit libs: [/Applications/Xcode.app/Contents/Developer/Toolchains/XcodeDefault.xctoolchain/usr/lib/clang/5.1/lib/darwin/libclang_rt.osx.a]
  implicit dirs: [/usr/lib;/usr/local/lib]
  implicit fwks: [/Library/Frameworks;/System/Library/Frameworks]


Determining if the include file sys/types.h exists passed with the following output:
Change Dir: /Users/siddharthachandra/gits/refocusAppIOS/opencv-2.4.9/cbin/CMakeFiles/CMakeTmp

Run Build Command:/usr/bin/make "cmTryCompileExec779949272/fast"
/Applications/Xcode.app/Contents/Developer/usr/bin/make -f CMakeFiles/cmTryCompileExec779949272.dir/build.make CMakeFiles/cmTryCompileExec779949272.dir/build
"/Applications/CMake 2.8-12.app/Contents/bin/cmake" -E cmake_progress_report /Users/siddharthachandra/gits/refocusAppIOS/opencv-2.4.9/cbin/CMakeFiles/CMakeTmp/CMakeFiles 1
Building C object CMakeFiles/cmTryCompileExec779949272.dir/CheckIncludeFile.c.o
/usr/bin/cc   -fsigned-char -W -Werror=return-type -Werror=address -Werror=sequence-point -Wformat -Werror=format-security -Wmissing-declarations -Wmissing-prototypes -Wstrict-prototypes -Wundef -Winit-self -Wpointer-arith -Wshadow -Wsign-promo -Wno-narrowing -Wno-delete-non-virtual-dtor -Wno-unnamed-type-template-args -fdiagnostics-show-option -fno-omit-frame-pointer -msse -msse2 -msse3  -O3 -DNDEBUG   -o CMakeFiles/cmTryCompileExec779949272.dir/CheckIncludeFile.c.o   -c /Users/siddharthachandra/gits/refocusAppIOS/opencv-2.4.9/cbin/CMakeFiles/CMakeTmp/CheckIncludeFile.c
Linking C executable cmTryCompileExec779949272
"/Applications/CMake 2.8-12.app/Contents/bin/cmake" -E cmake_link_script CMakeFiles/cmTryCompileExec779949272.dir/link.txt --verbose=1
/usr/bin/cc     -fsigned-char -W -Werror=return-type -Werror=address -Werror=sequence-point -Wformat -Werror=format-security -Wmissing-declarations -Wmissing-prototypes -Wstrict-prototypes -Wundef -Winit-self -Wpointer-arith -Wshadow -Wsign-promo -Wno-narrowing -Wno-delete-non-virtual-dtor -Wno-unnamed-type-template-args -fdiagnostics-show-option -fno-omit-frame-pointer -msse -msse2 -msse3  -O3 -DNDEBUG -Wl,-search_paths_first -Wl,-headerpad_max_install_names   CMakeFiles/cmTryCompileExec779949272.dir/CheckIncludeFile.c.o  -o cmTryCompileExec779949272  


Determining if the include file stdint.h exists passed with the following output:
Change Dir: /Users/siddharthachandra/gits/refocusAppIOS/opencv-2.4.9/cbin/CMakeFiles/CMakeTmp

Run Build Command:/usr/bin/make "cmTryCompileExec2413750489/fast"
/Applications/Xcode.app/Contents/Developer/usr/bin/make -f CMakeFiles/cmTryCompileExec2413750489.dir/build.make CMakeFiles/cmTryCompileExec2413750489.dir/build
"/Applications/CMake 2.8-12.app/Contents/bin/cmake" -E cmake_progress_report /Users/siddharthachandra/gits/refocusAppIOS/opencv-2.4.9/cbin/CMakeFiles/CMakeTmp/CMakeFiles 1
Building C object CMakeFiles/cmTryCompileExec2413750489.dir/CheckIncludeFile.c.o
/usr/bin/cc   -fsigned-char -W -Werror=return-type -Werror=address -Werror=sequence-point -Wformat -Werror=format-security -Wmissing-declarations -Wmissing-prototypes -Wstrict-prototypes -Wundef -Winit-self -Wpointer-arith -Wshadow -Wsign-promo -Wno-narrowing -Wno-delete-non-virtual-dtor -Wno-unnamed-type-template-args -fdiagnostics-show-option -fno-omit-frame-pointer -msse -msse2 -msse3  -O3 -DNDEBUG   -o CMakeFiles/cmTryCompileExec2413750489.dir/CheckIncludeFile.c.o   -c /Users/siddharthachandra/gits/refocusAppIOS/opencv-2.4.9/cbin/CMakeFiles/CMakeTmp/CheckIncludeFile.c
Linking C executable cmTryCompileExec2413750489
"/Applications/CMake 2.8-12.app/Contents/bin/cmake" -E cmake_link_script CMakeFiles/cmTryCompileExec2413750489.dir/link.txt --verbose=1
/usr/bin/cc     -fsigned-char -W -Werror=return-type -Werror=address -Werror=sequence-point -Wformat -Werror=format-security -Wmissing-declarations -Wmissing-prototypes -Wstrict-prototypes -Wundef -Winit-self -Wpointer-arith -Wshadow -Wsign-promo -Wno-narrowing -Wno-delete-non-virtual-dtor -Wno-unnamed-type-template-args -fdiagnostics-show-option -fno-omit-frame-pointer -msse -msse2 -msse3  -O3 -DNDEBUG -Wl,-search_paths_first -Wl,-headerpad_max_install_names   CMakeFiles/cmTryCompileExec2413750489.dir/CheckIncludeFile.c.o  -o cmTryCompileExec2413750489  


Determining if the include file stddef.h exists passed with the following output:
Change Dir: /Users/siddharthachandra/gits/refocusAppIOS/opencv-2.4.9/cbin/CMakeFiles/CMakeTmp

Run Build Command:/usr/bin/make "cmTryCompileExec1196865971/fast"
/Applications/Xcode.app/Contents/Developer/usr/bin/make -f CMakeFiles/cmTryCompileExec1196865971.dir/build.make CMakeFiles/cmTryCompileExec1196865971.dir/build
"/Applications/CMake 2.8-12.app/Contents/bin/cmake" -E cmake_progress_report /Users/siddharthachandra/gits/refocusAppIOS/opencv-2.4.9/cbin/CMakeFiles/CMakeTmp/CMakeFiles 1
Building C object CMakeFiles/cmTryCompileExec1196865971.dir/CheckIncludeFile.c.o
/usr/bin/cc   -fsigned-char -W -Werror=return-type -Werror=address -Werror=sequence-point -Wformat -Werror=format-security -Wmissing-declarations -Wmissing-prototypes -Wstrict-prototypes -Wundef -Winit-self -Wpointer-arith -Wshadow -Wsign-promo -Wno-narrowing -Wno-delete-non-virtual-dtor -Wno-unnamed-type-template-args -fdiagnostics-show-option -fno-omit-frame-pointer -msse -msse2 -msse3  -O3 -DNDEBUG   -o CMakeFiles/cmTryCompileExec1196865971.dir/CheckIncludeFile.c.o   -c /Users/siddharthachandra/gits/refocusAppIOS/opencv-2.4.9/cbin/CMakeFiles/CMakeTmp/CheckIncludeFile.c
Linking C executable cmTryCompileExec1196865971
"/Applications/CMake 2.8-12.app/Contents/bin/cmake" -E cmake_link_script CMakeFiles/cmTryCompileExec1196865971.dir/link.txt --verbose=1
/usr/bin/cc     -fsigned-char -W -Werror=return-type -Werror=address -Werror=sequence-point -Wformat -Werror=format-security -Wmissing-declarations -Wmissing-prototypes -Wstrict-prototypes -Wundef -Winit-self -Wpointer-arith -Wshadow -Wsign-promo -Wno-narrowing -Wno-delete-non-virtual-dtor -Wno-unnamed-type-template-args -fdiagnostics-show-option -fno-omit-frame-pointer -msse -msse2 -msse3  -O3 -DNDEBUG -Wl,-search_paths_first -Wl,-headerpad_max_install_names   CMakeFiles/cmTryCompileExec1196865971.dir/CheckIncludeFile.c.o  -o cmTryCompileExec1196865971  


Determining size of unsigned short passed with the following output:
Change Dir: /Users/siddharthachandra/gits/refocusAppIOS/opencv-2.4.9/cbin/CMakeFiles/CMakeTmp

Run Build Command:/usr/bin/make "cmTryCompileExec2345474481/fast"
/Applications/Xcode.app/Contents/Developer/usr/bin/make -f CMakeFiles/cmTryCompileExec2345474481.dir/build.make CMakeFiles/cmTryCompileExec2345474481.dir/build
"/Applications/CMake 2.8-12.app/Contents/bin/cmake" -E cmake_progress_report /Users/siddharthachandra/gits/refocusAppIOS/opencv-2.4.9/cbin/CMakeFiles/CMakeTmp/CMakeFiles 1
Building C object CMakeFiles/cmTryCompileExec2345474481.dir/CMAKE_SIZEOF_UNSIGNED_SHORT.c.o
/usr/bin/cc   -fsigned-char -W -Werror=return-type -Werror=address -Werror=sequence-point -Wformat -Werror=format-security -Wmissing-declarations -Wmissing-prototypes -Wstrict-prototypes -Wundef -Winit-self -Wpointer-arith -Wshadow -Wsign-promo -Wno-narrowing -Wno-delete-non-virtual-dtor -Wno-unnamed-type-template-args -fdiagnostics-show-option -fno-omit-frame-pointer -msse -msse2 -msse3  -O3 -DNDEBUG   -o CMakeFiles/cmTryCompileExec2345474481.dir/CMAKE_SIZEOF_UNSIGNED_SHORT.c.o   -c /Users/siddharthachandra/gits/refocusAppIOS/opencv-2.4.9/cbin/CMakeFiles/CheckTypeSize/CMAKE_SIZEOF_UNSIGNED_SHORT.c
Linking C executable cmTryCompileExec2345474481
"/Applications/CMake 2.8-12.app/Contents/bin/cmake" -E cmake_link_script CMakeFiles/cmTryCompileExec2345474481.dir/link.txt --verbose=1
/usr/bin/cc     -fsigned-char -W -Werror=return-type -Werror=address -Werror=sequence-point -Wformat -Werror=format-security -Wmissing-declarations -Wmissing-prototypes -Wstrict-prototypes -Wundef -Winit-self -Wpointer-arith -Wshadow -Wsign-promo -Wno-narrowing -Wno-delete-non-virtual-dtor -Wno-unnamed-type-template-args -fdiagnostics-show-option -fno-omit-frame-pointer -msse -msse2 -msse3  -O3 -DNDEBUG -Wl,-search_paths_first -Wl,-headerpad_max_install_names   CMakeFiles/cmTryCompileExec2345474481.dir/CMAKE_SIZEOF_UNSIGNED_SHORT.c.o  -o cmTryCompileExec2345474481  


Determining if the function fseeko exists passed with the following output:
Change Dir: /Users/siddharthachandra/gits/refocusAppIOS/opencv-2.4.9/cbin/CMakeFiles/CMakeTmp

Run Build Command:/usr/bin/make "cmTryCompileExec3245497507/fast"
/Applications/Xcode.app/Contents/Developer/usr/bin/make -f CMakeFiles/cmTryCompileExec3245497507.dir/build.make CMakeFiles/cmTryCompileExec3245497507.dir/build
"/Applications/CMake 2.8-12.app/Contents/bin/cmake" -E cmake_progress_report /Users/siddharthachandra/gits/refocusAppIOS/opencv-2.4.9/cbin/CMakeFiles/CMakeTmp/CMakeFiles 1
Building C object CMakeFiles/cmTryCompileExec3245497507.dir/CheckFunctionExists.c.o
/usr/bin/cc   -fsigned-char -W -Werror=return-type -Werror=address -Werror=sequence-point -Wformat -Werror=format-security -Wmissing-declarations -Wmissing-prototypes -Wstrict-prototypes -Wundef -Winit-self -Wpointer-arith -Wshadow -Wsign-promo -Wno-narrowing -Wno-delete-non-virtual-dtor -Wno-unnamed-type-template-args -fdiagnostics-show-option -fno-omit-frame-pointer -msse -msse2 -msse3 -DCHECK_FUNCTION_EXISTS=fseeko -O3 -DNDEBUG   -o CMakeFiles/cmTryCompileExec3245497507.dir/CheckFunctionExists.c.o   -c "/Applications/CMake 2.8-12.app/Contents/share/cmake-2.8/Modules/CheckFunctionExists.c"
Linking C executable cmTryCompileExec3245497507
"/Applications/CMake 2.8-12.app/Contents/bin/cmake" -E cmake_link_script CMakeFiles/cmTryCompileExec3245497507.dir/link.txt --verbose=1
/usr/bin/cc     -fsigned-char -W -Werror=return-type -Werror=address -Werror=sequence-point -Wformat -Werror=format-security -Wmissing-declarations -Wmissing-prototypes -Wstrict-prototypes -Wundef -Winit-self -Wpointer-arith -Wshadow -Wsign-promo -Wno-narrowing -Wno-delete-non-virtual-dtor -Wno-unnamed-type-template-args -fdiagnostics-show-option -fno-omit-frame-pointer -msse -msse2 -msse3 -DCHECK_FUNCTION_EXISTS=fseeko -O3 -DNDEBUG -Wl,-search_paths_first -Wl,-headerpad_max_install_names   CMakeFiles/cmTryCompileExec3245497507.dir/CheckFunctionExists.c.o  -o cmTryCompileExec3245497507  


Determining if the include file unistd.h exists passed with the following output:
Change Dir: /Users/siddharthachandra/gits/refocusAppIOS/opencv-2.4.9/cbin/CMakeFiles/CMakeTmp

Run Build Command:/usr/bin/make "cmTryCompileExec523479630/fast"
/Applications/Xcode.app/Contents/Developer/usr/bin/make -f CMakeFiles/cmTryCompileExec523479630.dir/build.make CMakeFiles/cmTryCompileExec523479630.dir/build
"/Applications/CMake 2.8-12.app/Contents/bin/cmake" -E cmake_progress_report /Users/siddharthachandra/gits/refocusAppIOS/opencv-2.4.9/cbin/CMakeFiles/CMakeTmp/CMakeFiles 1
Building C object CMakeFiles/cmTryCompileExec523479630.dir/CheckIncludeFile.c.o
/usr/bin/cc   -fsigned-char -W -Werror=return-type -Werror=address -Werror=sequence-point -Wformat -Werror=format-security -Wmissing-declarations -Wmissing-prototypes -Wstrict-prototypes -Wundef -Winit-self -Wpointer-arith -Wshadow -Wsign-promo -Wno-narrowing -Wno-delete-non-virtual-dtor -Wno-unnamed-type-template-args -fdiagnostics-show-option -fno-omit-frame-pointer -msse -msse2 -msse3  -O3 -DNDEBUG   -o CMakeFiles/cmTryCompileExec523479630.dir/CheckIncludeFile.c.o   -c /Users/siddharthachandra/gits/refocusAppIOS/opencv-2.4.9/cbin/CMakeFiles/CMakeTmp/CheckIncludeFile.c
Linking C executable cmTryCompileExec523479630
"/Applications/CMake 2.8-12.app/Contents/bin/cmake" -E cmake_link_script CMakeFiles/cmTryCompileExec523479630.dir/link.txt --verbose=1
/usr/bin/cc     -fsigned-char -W -Werror=return-type -Werror=address -Werror=sequence-point -Wformat -Werror=format-security -Wmissing-declarations -Wmissing-prototypes -Wstrict-prototypes -Wundef -Winit-self -Wpointer-arith -Wshadow -Wsign-promo -Wno-narrowing -Wno-delete-non-virtual-dtor -Wno-unnamed-type-template-args -fdiagnostics-show-option -fno-omit-frame-pointer -msse -msse2 -msse3  -O3 -DNDEBUG -Wl,-search_paths_first -Wl,-headerpad_max_install_names   CMakeFiles/cmTryCompileExec523479630.dir/CheckIncludeFile.c.o  -o cmTryCompileExec523479630  


Determining if the include file assert.h exists passed with the following output:
Change Dir: /Users/siddharthachandra/gits/refocusAppIOS/opencv-2.4.9/cbin/CMakeFiles/CMakeTmp

Run Build Command:/usr/bin/make "cmTryCompileExec1856708024/fast"
/Applications/Xcode.app/Contents/Developer/usr/bin/make -f CMakeFiles/cmTryCompileExec1856708024.dir/build.make CMakeFiles/cmTryCompileExec1856708024.dir/build
"/Applications/CMake 2.8-12.app/Contents/bin/cmake" -E cmake_progress_report /Users/siddharthachandra/gits/refocusAppIOS/opencv-2.4.9/cbin/CMakeFiles/CMakeTmp/CMakeFiles 1
Building C object CMakeFiles/cmTryCompileExec1856708024.dir/CheckIncludeFile.c.o
/usr/bin/cc   -fsigned-char -W -Werror=return-type -Werror=address -Werror=sequence-point -Wformat -Werror=format-security -Wmissing-declarations -Wmissing-prototypes -Wstrict-prototypes -Wundef -Winit-self -Wpointer-arith -Wshadow -Wsign-promo -Wno-narrowing -Wno-delete-non-virtual-dtor -Wno-unnamed-type-template-args -fdiagnostics-show-option -fno-omit-frame-pointer -msse -msse2 -msse3  -O3 -DNDEBUG   -o CMakeFiles/cmTryCompileExec1856708024.dir/CheckIncludeFile.c.o   -c /Users/siddharthachandra/gits/refocusAppIOS/opencv-2.4.9/cbin/CMakeFiles/CMakeTmp/CheckIncludeFile.c
Linking C executable cmTryCompileExec1856708024
"/Applications/CMake 2.8-12.app/Contents/bin/cmake" -E cmake_link_script CMakeFiles/cmTryCompileExec1856708024.dir/link.txt --verbose=1
/usr/bin/cc     -fsigned-char -W -Werror=return-type -Werror=address -Werror=sequence-point -Wformat -Werror=format-security -Wmissing-declarations -Wmissing-prototypes -Wstrict-prototypes -Wundef -Winit-self -Wpointer-arith -Wshadow -Wsign-promo -Wno-narrowing -Wno-delete-non-virtual-dtor -Wno-unnamed-type-template-args -fdiagnostics-show-option -fno-omit-frame-pointer -msse -msse2 -msse3  -O3 -DNDEBUG -Wl,-search_paths_first -Wl,-headerpad_max_install_names   CMakeFiles/cmTryCompileExec1856708024.dir/CheckIncludeFile.c.o  -o cmTryCompileExec1856708024  


Determining if the include file fcntl.h exists passed with the following output:
Change Dir: /Users/siddharthachandra/gits/refocusAppIOS/opencv-2.4.9/cbin/CMakeFiles/CMakeTmp

Run Build Command:/usr/bin/make "cmTryCompileExec3312862250/fast"
/Applications/Xcode.app/Contents/Developer/usr/bin/make -f CMakeFiles/cmTryCompileExec3312862250.dir/build.make CMakeFiles/cmTryCompileExec3312862250.dir/build
"/Applications/CMake 2.8-12.app/Contents/bin/cmake" -E cmake_progress_report /Users/siddharthachandra/gits/refocusAppIOS/opencv-2.4.9/cbin/CMakeFiles/CMakeTmp/CMakeFiles 1
Building C object CMakeFiles/cmTryCompileExec3312862250.dir/CheckIncludeFile.c.o
/usr/bin/cc   -fsigned-char -W -Werror=return-type -Werror=address -Werror=sequence-point -Wformat -Werror=format-security -Wmissing-declarations -Wmissing-prototypes -Wstrict-prototypes -Wundef -Winit-self -Wpointer-arith -Wshadow -Wsign-promo -Wno-narrowing -Wno-delete-non-virtual-dtor -Wno-unnamed-type-template-args -fdiagnostics-show-option -fno-omit-frame-pointer -msse -msse2 -msse3  -O3 -DNDEBUG   -o CMakeFiles/cmTryCompileExec3312862250.dir/CheckIncludeFile.c.o   -c /Users/siddharthachandra/gits/refocusAppIOS/opencv-2.4.9/cbin/CMakeFiles/CMakeTmp/CheckIncludeFile.c
Linking C executable cmTryCompileExec3312862250
"/Applications/CMake 2.8-12.app/Contents/bin/cmake" -E cmake_link_script CMakeFiles/cmTryCompileExec3312862250.dir/link.txt --verbose=1
/usr/bin/cc     -fsigned-char -W -Werror=return-type -Werror=address -Werror=sequence-point -Wformat -Werror=format-security -Wmissing-declarations -Wmissing-prototypes -Wstrict-prototypes -Wundef -Winit-self -Wpointer-arith -Wshadow -Wsign-promo -Wno-narrowing -Wno-delete-non-virtual-dtor -Wno-unnamed-type-template-args -fdiagnostics-show-option -fno-omit-frame-pointer -msse -msse2 -msse3  -O3 -DNDEBUG -Wl,-search_paths_first -Wl,-headerpad_max_install_names   CMakeFiles/cmTryCompileExec3312862250.dir/CheckIncludeFile.c.o  -o cmTryCompileExec3312862250  


Determining if the function mmap exists passed with the following output:
Change Dir: /Users/siddharthachandra/gits/refocusAppIOS/opencv-2.4.9/cbin/CMakeFiles/CMakeTmp

Run Build Command:/usr/bin/make "cmTryCompileExec3046818118/fast"
/Applications/Xcode.app/Contents/Developer/usr/bin/make -f CMakeFiles/cmTryCompileExec3046818118.dir/build.make CMakeFiles/cmTryCompileExec3046818118.dir/build
"/Applications/CMake 2.8-12.app/Contents/bin/cmake" -E cmake_progress_report /Users/siddharthachandra/gits/refocusAppIOS/opencv-2.4.9/cbin/CMakeFiles/CMakeTmp/CMakeFiles 1
Building C object CMakeFiles/cmTryCompileExec3046818118.dir/CheckFunctionExists.c.o
/usr/bin/cc   -fsigned-char -W -Werror=return-type -Werror=address -Werror=sequence-point -Wformat -Werror=format-security -Wmissing-declarations -Wmissing-prototypes -Wstrict-prototypes -Wundef -Winit-self -Wpointer-arith -Wshadow -Wsign-promo -Wno-narrowing -Wno-delete-non-virtual-dtor -Wno-unnamed-type-template-args -fdiagnostics-show-option -fno-omit-frame-pointer -msse -msse2 -msse3 -DCHECK_FUNCTION_EXISTS=mmap -O3 -DNDEBUG   -o CMakeFiles/cmTryCompileExec3046818118.dir/CheckFunctionExists.c.o   -c "/Applications/CMake 2.8-12.app/Contents/share/cmake-2.8/Modules/CheckFunctionExists.c"
Linking C executable cmTryCompileExec3046818118
"/Applications/CMake 2.8-12.app/Contents/bin/cmake" -E cmake_link_script CMakeFiles/cmTryCompileExec3046818118.dir/link.txt --verbose=1
/usr/bin/cc     -fsigned-char -W -Werror=return-type -Werror=address -Werror=sequence-point -Wformat -Werror=format-security -Wmissing-declarations -Wmissing-prototypes -Wstrict-prototypes -Wundef -Winit-self -Wpointer-arith -Wshadow -Wsign-promo -Wno-narrowing -Wno-delete-non-virtual-dtor -Wno-unnamed-type-template-args -fdiagnostics-show-option -fno-omit-frame-pointer -msse -msse2 -msse3 -DCHECK_FUNCTION_EXISTS=mmap -O3 -DNDEBUG -Wl,-search_paths_first -Wl,-headerpad_max_install_names   CMakeFiles/cmTryCompileExec3046818118.dir/CheckFunctionExists.c.o  -o cmTryCompileExec3046818118  


Determining if the include file search.h exists passed with the following output:
Change Dir: /Users/siddharthachandra/gits/refocusAppIOS/opencv-2.4.9/cbin/CMakeFiles/CMakeTmp

Run Build Command:/usr/bin/make "cmTryCompileExec4044266996/fast"
/Applications/Xcode.app/Contents/Developer/usr/bin/make -f CMakeFiles/cmTryCompileExec4044266996.dir/build.make CMakeFiles/cmTryCompileExec4044266996.dir/build
"/Applications/CMake 2.8-12.app/Contents/bin/cmake" -E cmake_progress_report /Users/siddharthachandra/gits/refocusAppIOS/opencv-2.4.9/cbin/CMakeFiles/CMakeTmp/CMakeFiles 1
Building C object CMakeFiles/cmTryCompileExec4044266996.dir/CheckIncludeFile.c.o
/usr/bin/cc   -fsigned-char -W -Werror=return-type -Werror=address -Werror=sequence-point -Wformat -Werror=format-security -Wmissing-declarations -Wmissing-prototypes -Wstrict-prototypes -Wundef -Winit-self -Wpointer-arith -Wshadow -Wsign-promo -Wno-narrowing -Wno-delete-non-virtual-dtor -Wno-unnamed-type-template-args -fdiagnostics-show-option -fno-omit-frame-pointer -msse -msse2 -msse3  -O3 -DNDEBUG   -o CMakeFiles/cmTryCompileExec4044266996.dir/CheckIncludeFile.c.o   -c /Users/siddharthachandra/gits/refocusAppIOS/opencv-2.4.9/cbin/CMakeFiles/CMakeTmp/CheckIncludeFile.c
Linking C executable cmTryCompileExec4044266996
"/Applications/CMake 2.8-12.app/Contents/bin/cmake" -E cmake_link_script CMakeFiles/cmTryCompileExec4044266996.dir/link.txt --verbose=1
/usr/bin/cc     -fsigned-char -W -Werror=return-type -Werror=address -Werror=sequence-point -Wformat -Werror=format-security -Wmissing-declarations -Wmissing-prototypes -Wstrict-prototypes -Wundef -Winit-self -Wpointer-arith -Wshadow -Wsign-promo -Wno-narrowing -Wno-delete-non-virtual-dtor -Wno-unnamed-type-template-args -fdiagnostics-show-option -fno-omit-frame-pointer -msse -msse2 -msse3  -O3 -DNDEBUG -Wl,-search_paths_first -Wl,-headerpad_max_install_names   CMakeFiles/cmTryCompileExec4044266996.dir/CheckIncludeFile.c.o  -o cmTryCompileExec4044266996  


Determining if the include file string.h exists passed with the following output:
Change Dir: /Users/siddharthachandra/gits/refocusAppIOS/opencv-2.4.9/cbin/CMakeFiles/CMakeTmp

Run Build Command:/usr/bin/make "cmTryCompileExec3636556038/fast"
/Applications/Xcode.app/Contents/Developer/usr/bin/make -f CMakeFiles/cmTryCompileExec3636556038.dir/build.make CMakeFiles/cmTryCompileExec3636556038.dir/build
"/Applications/CMake 2.8-12.app/Contents/bin/cmake" -E cmake_progress_report /Users/siddharthachandra/gits/refocusAppIOS/opencv-2.4.9/cbin/CMakeFiles/CMakeTmp/CMakeFiles 1
Building C object CMakeFiles/cmTryCompileExec3636556038.dir/CheckIncludeFile.c.o
/usr/bin/cc   -fsigned-char -W -Werror=return-type -Werror=address -Werror=sequence-point -Wformat -Werror=format-security -Wmissing-declarations -Wmissing-prototypes -Wstrict-prototypes -Wundef -Winit-self -Wpointer-arith -Wshadow -Wsign-promo -Wno-narrowing -Wno-delete-non-virtual-dtor -Wno-unnamed-type-template-args -fdiagnostics-show-option -fno-omit-frame-pointer -msse -msse2 -msse3  -O3 -DNDEBUG   -o CMakeFiles/cmTryCompileExec3636556038.dir/CheckIncludeFile.c.o   -c /Users/siddharthachandra/gits/refocusAppIOS/opencv-2.4.9/cbin/CMakeFiles/CMakeTmp/CheckIncludeFile.c
Linking C executable cmTryCompileExec3636556038
"/Applications/CMake 2.8-12.app/Contents/bin/cmake" -E cmake_link_script CMakeFiles/cmTryCompileExec3636556038.dir/link.txt --verbose=1
/usr/bin/cc     -fsigned-char -W -Werror=return-type -Werror=address -Werror=sequence-point -Wformat -Werror=format-security -Wmissing-declarations -Wmissing-prototypes -Wstrict-prototypes -Wundef -Winit-self -Wpointer-arith -Wshadow -Wsign-promo -Wno-narrowing -Wno-delete-non-virtual-dtor -Wno-unnamed-type-template-args -fdiagnostics-show-option -fno-omit-frame-pointer -msse -msse2 -msse3  -O3 -DNDEBUG -Wl,-search_paths_first -Wl,-headerpad_max_install_names   CMakeFiles/cmTryCompileExec3636556038.dir/CheckIncludeFile.c.o  -o cmTryCompileExec3636556038  


Determining if the include file unistd.h exists passed with the following output:
Change Dir: /Users/siddharthachandra/gits/refocusAppIOS/opencv-2.4.9/cbin/CMakeFiles/CMakeTmp

Run Build Command:/usr/bin/make "cmTryCompileExec2875092351/fast"
/Applications/Xcode.app/Contents/Developer/usr/bin/make -f CMakeFiles/cmTryCompileExec2875092351.dir/build.make CMakeFiles/cmTryCompileExec2875092351.dir/build
"/Applications/CMake 2.8-12.app/Contents/bin/cmake" -E cmake_progress_report /Users/siddharthachandra/gits/refocusAppIOS/opencv-2.4.9/cbin/CMakeFiles/CMakeTmp/CMakeFiles 1
Building C object CMakeFiles/cmTryCompileExec2875092351.dir/CheckIncludeFile.c.o
/usr/bin/cc   -fsigned-char -W -Werror=return-type -Werror=address -Werror=sequence-point -Wformat -Werror=format-security -Wmissing-declarations -Wmissing-prototypes -Wstrict-prototypes -Wundef -Winit-self -Wpointer-arith -Wshadow -Wsign-promo -Wno-narrowing -Wno-delete-non-virtual-dtor -Wno-unnamed-type-template-args -fdiagnostics-show-option -fno-omit-frame-pointer -msse -msse2 -msse3  -O3 -DNDEBUG   -o CMakeFiles/cmTryCompileExec2875092351.dir/CheckIncludeFile.c.o   -c /Users/siddharthachandra/gits/refocusAppIOS/opencv-2.4.9/cbin/CMakeFiles/CMakeTmp/CheckIncludeFile.c
Linking C executable cmTryCompileExec2875092351
"/Applications/CMake 2.8-12.app/Contents/bin/cmake" -E cmake_link_script CMakeFiles/cmTryCompileExec2875092351.dir/link.txt --verbose=1
/usr/bin/cc     -fsigned-char -W -Werror=return-type -Werror=address -Werror=sequence-point -Wformat -Werror=format-security -Wmissing-declarations -Wmissing-prototypes -Wstrict-prototypes -Wundef -Winit-self -Wpointer-arith -Wshadow -Wsign-promo -Wno-narrowing -Wno-delete-non-virtual-dtor -Wno-unnamed-type-template-args -fdiagnostics-show-option -fno-omit-frame-pointer -msse -msse2 -msse3  -O3 -DNDEBUG -Wl,-search_paths_first -Wl,-headerpad_max_install_names   CMakeFiles/cmTryCompileExec2875092351.dir/CheckIncludeFile.c.o  -o cmTryCompileExec2875092351  


Determining if the include file semaphore.h exists passed with the following output:
Change Dir: /Users/siddharthachandra/gits/refocusAppIOS/opencv-2.4.9/cbin/CMakeFiles/CMakeTmp

Run Build Command:/usr/bin/make "cmTryCompileExec3424587134/fast"
/Applications/Xcode.app/Contents/Developer/usr/bin/make -f CMakeFiles/cmTryCompileExec3424587134.dir/build.make CMakeFiles/cmTryCompileExec3424587134.dir/build
"/Applications/CMake 2.8-12.app/Contents/bin/cmake" -E cmake_progress_report /Users/siddharthachandra/gits/refocusAppIOS/opencv-2.4.9/cbin/CMakeFiles/CMakeTmp/CMakeFiles 1
Building C object CMakeFiles/cmTryCompileExec3424587134.dir/CheckIncludeFile.c.o
/usr/bin/cc   -fsigned-char -W -Werror=return-type -Werror=address -Werror=sequence-point -Wformat -Werror=format-security -Wmissing-declarations -Wmissing-prototypes -Wstrict-prototypes -Wundef -Winit-self -Wpointer-arith -Wshadow -Wsign-promo -Wno-narrowing -Wno-delete-non-virtual-dtor -Wno-unnamed-type-template-args -fdiagnostics-show-option -fno-omit-frame-pointer -msse -msse2 -msse3  -O3 -DNDEBUG   -o CMakeFiles/cmTryCompileExec3424587134.dir/CheckIncludeFile.c.o   -c /Users/siddharthachandra/gits/refocusAppIOS/opencv-2.4.9/cbin/CMakeFiles/CMakeTmp/CheckIncludeFile.c
Linking C executable cmTryCompileExec3424587134
"/Applications/CMake 2.8-12.app/Contents/bin/cmake" -E cmake_link_script CMakeFiles/cmTryCompileExec3424587134.dir/link.txt --verbose=1
/usr/bin/cc     -fsigned-char -W -Werror=return-type -Werror=address -Werror=sequence-point -Wformat -Werror=format-security -Wmissing-declarations -Wmissing-prototypes -Wstrict-prototypes -Wundef -Winit-self -Wpointer-arith -Wshadow -Wsign-promo -Wno-narrowing -Wno-delete-non-virtual-dtor -Wno-unnamed-type-template-args -fdiagnostics-show-option -fno-omit-frame-pointer -msse -msse2 -msse3  -O3 -DNDEBUG -Wl,-search_paths_first -Wl,-headerpad_max_install_names   CMakeFiles/cmTryCompileExec3424587134.dir/CheckIncludeFile.c.o  -o cmTryCompileExec3424587134  


Determining if the include file libavformat/avformat.h exists passed with the following output:
Change Dir: /Users/siddharthachandra/gits/refocusAppIOS/opencv-2.4.9/cbin/CMakeFiles/CMakeTmp

Run Build Command:/usr/bin/make "cmTryCompileExec977842411/fast"
/Applications/Xcode.app/Contents/Developer/usr/bin/make -f CMakeFiles/cmTryCompileExec977842411.dir/build.make CMakeFiles/cmTryCompileExec977842411.dir/build
"/Applications/CMake 2.8-12.app/Contents/bin/cmake" -E cmake_progress_report /Users/siddharthachandra/gits/refocusAppIOS/opencv-2.4.9/cbin/CMakeFiles/CMakeTmp/CMakeFiles 1
Building C object CMakeFiles/cmTryCompileExec977842411.dir/CheckIncludeFile.c.o
/usr/bin/cc   -fsigned-char -W -Werror=return-type -Werror=address -Werror=sequence-point -Wformat -Werror=format-security -Wmissing-declarations -Wmissing-prototypes -Wstrict-prototypes -Wundef -Winit-self -Wpointer-arith -Wshadow -Wsign-promo -Wno-narrowing -Wno-delete-non-virtual-dtor -Wno-unnamed-type-template-args -fdiagnostics-show-option -fno-omit-frame-pointer -msse -msse2 -msse3  -O3 -DNDEBUG   -o CMakeFiles/cmTryCompileExec977842411.dir/CheckIncludeFile.c.o   -c /Users/siddharthachandra/gits/refocusAppIOS/opencv-2.4.9/cbin/CMakeFiles/CMakeTmp/CheckIncludeFile.c
Linking C executable cmTryCompileExec977842411
"/Applications/CMake 2.8-12.app/Contents/bin/cmake" -E cmake_link_script CMakeFiles/cmTryCompileExec977842411.dir/link.txt --verbose=1
/usr/bin/cc     -fsigned-char -W -Werror=return-type -Werror=address -Werror=sequence-point -Wformat -Werror=format-security -Wmissing-declarations -Wmissing-prototypes -Wstrict-prototypes -Wundef -Winit-self -Wpointer-arith -Wshadow -Wsign-promo -Wno-narrowing -Wno-delete-non-virtual-dtor -Wno-unnamed-type-template-args -fdiagnostics-show-option -fno-omit-frame-pointer -msse -msse2 -msse3  -O3 -DNDEBUG -Wl,-search_paths_first -Wl,-headerpad_max_install_names   CMakeFiles/cmTryCompileExec977842411.dir/CheckIncludeFile.c.o  -o cmTryCompileExec977842411  


